# JRE version: Java(TM) SE Runtime Environment (8.0_11-b12) (build 1.8.0_11-b12)
# Java VM: Java HotSpot(TM) 64-Bit Server VM (25.11-b03 mixed mode windows-amd64 compressed oops)
Heap:
 PSYoungGen      total 110080K, used 29402K [0x0000000715b80000, 0x000000071ec80000, 0x00000007c0000000)
  eden space 78848K, 4% used [0x0000000715b80000,0x0000000715f17c60,0x000000071a880000)
  from space 31232K, 82% used [0x000000071c980000,0x000000071e29ec58,0x000000071e800000)
  to   space 33792K, 0% used [0x000000071a880000,0x000000071a880000,0x000000071c980000)
 ParOldGen       total 74752K, used 57793K [0x00000005c1200000, 0x00000005c5b00000, 0x0000000715b80000)
  object space 74752K, 77% used [0x00000005c1200000,0x00000005c4a70618,0x00000005c5b00000)
 Metaspace       used 94101K, capacity 103051K, committed 103088K, reserved 1138688K
  class space    used 12144K, capacity 13711K, committed 13744K, reserved 1048576K
GC Heap History (10 events):
Event: 439.716 GC heap before
{Heap before GC invocations=69 (full 9):
 PSYoungGen      total 113152K, used 85698K [0x0000000715b80000, 0x000000071ed80000, 0x00000007c0000000)
  eden space 76800K, 100% used [0x0000000715b80000,0x000000071a680000,0x000000071a680000)
  from space 36352K, 24% used [0x000000071a680000,0x000000071af30a08,0x000000071ca00000)
  to   space 35840K, 0% used [0x000000071ca80000,0x000000071ca80000,0x000000071ed80000)
 ParOldGen       total 74752K, used 56880K [0x00000005c1200000, 0x00000005c5b00000, 0x0000000715b80000)
  object space 74752K, 76% used [0x00000005c1200000,0x00000005c498c2a0,0x00000005c5b00000)
 Metaspace       used 93253K, capacity 102091K, committed 102320K, reserved 1138688K
  class space    used 12087K, capacity 13639K, committed 13744K, reserved 1048576K
Event: 439.754 GC heap after
Heap after GC invocations=69 (full 9):
 PSYoungGen      total 112640K, used 9532K [0x0000000715b80000, 0x000000071ec00000, 0x00000007c0000000)
  eden space 78336K, 0% used [0x0000000715b80000,0x0000000715b80000,0x000000071a800000)
  from space 34304K, 27% used [0x000000071ca80000,0x000000071d3cf3e8,0x000000071ec00000)
  to   space 34816K, 0% used [0x000000071a800000,0x000000071a800000,0x000000071ca00000)
 ParOldGen       total 74752K, used 56936K [0x00000005c1200000, 0x00000005c5b00000, 0x0000000715b80000)
  object space 74752K, 76% used [0x00000005c1200000,0x00000005c499a2a0,0x00000005c5b00000)
 Metaspace       used 93253K, capacity 102091K, committed 102320K, reserved 1138688K
  class space    used 12087K, capacity 13639K, committed 13744K, reserved 1048576K
}
Event: 440.758 GC heap before
{Heap before GC invocations=70 (full 9):
 PSYoungGen      total 112640K, used 87868K [0x0000000715b80000, 0x000000071ec00000, 0x00000007c0000000)
  eden space 78336K, 100% used [0x0000000715b80000,0x000000071a800000,0x000000071a800000)
  from space 34304K, 27% used [0x000000071ca80000,0x000000071d3cf3e8,0x000000071ec00000)
  to   space 34816K, 0% used [0x000000071a800000,0x000000071a800000,0x000000071ca00000)
 ParOldGen       total 74752K, used 56936K [0x00000005c1200000, 0x00000005c5b00000, 0x0000000715b80000)
  object space 74752K, 76% used [0x00000005c1200000,0x00000005c499a2a0,0x00000005c5b00000)
 Metaspace       used 93824K, capacity 102669K, committed 102832K, reserved 1138688K
  class space    used 12114K, capacity 13650K, committed 13744K, reserved 1048576K
Event: 440.767 GC heap after
Heap after GC invocations=70 (full 9):
 PSYoungGen      total 113152K, used 14222K [0x0000000715b80000, 0x000000071ea80000, 0x00000007c0000000)
  eden space 78336K, 0% used [0x0000000715b80000,0x0000000715b80000,0x000000071a800000)
  from space 34816K, 40% used [0x000000071a800000,0x000000071b5e3af8,0x000000071ca00000)
  to   space 33280K, 0% used [0x000000071ca00000,0x000000071ca00000,0x000000071ea80000)
 ParOldGen       total 74752K, used 57689K [0x00000005c1200000, 0x00000005c5b00000, 0x0000000715b80000)
  object space 74752K, 77% used [0x00000005c1200000,0x00000005c4a56618,0x00000005c5b00000)
 Metaspace       used 93824K, capacity 102669K, committed 102832K, reserved 1138688K
  class space    used 12114K, capacity 13650K, committed 13744K, reserved 1048576K
}
Event: 441.381 GC heap before
{Heap before GC invocations=71 (full 9):
 PSYoungGen      total 113152K, used 92558K [0x0000000715b80000, 0x000000071ea80000, 0x00000007c0000000)
  eden space 78336K, 100% used [0x0000000715b80000,0x000000071a800000,0x000000071a800000)
  from space 34816K, 40% used [0x000000071a800000,0x000000071b5e3af8,0x000000071ca00000)
  to   space 33280K, 0% used [0x000000071ca00000,0x000000071ca00000,0x000000071ea80000)
 ParOldGen       total 74752K, used 57689K [0x00000005c1200000, 0x00000005c5b00000, 0x0000000715b80000)
  object space 74752K, 77% used [0x00000005c1200000,0x00000005c4a56618,0x00000005c5b00000)
 Metaspace       used 93833K, capacity 102687K, committed 102832K, reserved 1138688K
  class space    used 12116K, capacity 13653K, committed 13744K, reserved 1048576K
Event: 441.390 GC heap after
Heap after GC invocations=71 (full 9):
 PSYoungGen      total 110080K, used 16520K [0x0000000715b80000, 0x000000071e780000, 0x00000007c0000000)
  eden space 79872K, 0% used [0x0000000715b80000,0x0000000715b80000,0x000000071a980000)
  from space 30208K, 54% used [0x000000071ca00000,0x000000071da223c8,0x000000071e780000)
  to   space 31744K, 0% used [0x000000071a980000,0x000000071a980000,0x000000071c880000)
 ParOldGen       total 74752K, used 57729K [0x00000005c1200000, 0x00000005c5b00000, 0x0000000715b80000)
  object space 74752K, 77% used [0x00000005c1200000,0x00000005c4a60618,0x00000005c5b00000)
 Metaspace       used 93833K, capacity 102687K, committed 102832K, reserved 1138688K
  class space    used 12116K, capacity 13653K, committed 13744K, reserved 1048576K
}
Event: 441.808 GC heap before
{Heap before GC invocations=72 (full 9):
 PSYoungGen      total 110080K, used 96392K [0x0000000715b80000, 0x000000071e780000, 0x00000007c0000000)
  eden space 79872K, 100% used [0x0000000715b80000,0x000000071a980000,0x000000071a980000)
  from space 30208K, 54% used [0x000000071ca00000,0x000000071da223c8,0x000000071e780000)
  to   space 31744K, 0% used [0x000000071a980000,0x000000071a980000,0x000000071c880000)
 ParOldGen       total 74752K, used 57729K [0x00000005c1200000, 0x00000005c5b00000, 0x0000000715b80000)
  object space 74752K, 77% used [0x00000005c1200000,0x00000005c4a60618,0x00000005c5b00000)
 Metaspace       used 93888K, capacity 102777K, committed 103088K, reserved 1138688K
  class space    used 12125K, capacity 13664K, committed 13744K, reserved 1048576K
Event: 441.815 GC heap after
Heap after GC invocations=72 (full 9):
 PSYoungGen      total 111616K, used 18824K [0x0000000715b80000, 0x000000071e800000, 0x00000007c0000000)
  eden space 79872K, 0% used [0x0000000715b80000,0x0000000715b80000,0x000000071a980000)
  from space 31744K, 59% used [0x000000071a980000,0x000000071bbe23c8,0x000000071c880000)
  to   space 31232K, 0% used [0x000000071c980000,0x000000071c980000,0x000000071e800000)
 ParOldGen       total 74752K, used 57745K [0x00000005c1200000, 0x00000005c5b00000, 0x0000000715b80000)
  object space 74752K, 77% used [0x00000005c1200000,0x00000005c4a64618,0x00000005c5b00000)
 Metaspace       used 93888K, capacity 102777K, committed 103088K, reserved 1138688K
  class space    used 12125K, capacity 13664K, committed 13744K, reserved 1048576K
}
Event: 529.827 GC heap before
{Heap before GC invocations=73 (full 9):
 PSYoungGen      total 111616K, used 98696K [0x0000000715b80000, 0x000000071e800000, 0x00000007c0000000)
  eden space 79872K, 100% used [0x0000000715b80000,0x000000071a980000,0x000000071a980000)
  from space 31744K, 59% used [0x000000071a980000,0x000000071bbe23c8,0x000000071c880000)
  to   space 31232K, 0% used [0x000000071c980000,0x000000071c980000,0x000000071e800000)
 ParOldGen       total 74752K, used 57745K [0x00000005c1200000, 0x00000005c5b00000, 0x0000000715b80000)
  object space 74752K, 77% used [0x00000005c1200000,0x00000005c4a64618,0x00000005c5b00000)
 Metaspace       used 94101K, capacity 103051K, committed 103088K, reserved 1138688K
  class space    used 12144K, capacity 13711K, committed 13744K, reserved 1048576K
Event: 529.835 GC heap after
Heap after GC invocations=73 (full 9):
 PSYoungGen      total 110080K, used 25723K [0x0000000715b80000, 0x000000071ec80000, 0x00000007c0000000)
  eden space 78848K, 0% used [0x0000000715b80000,0x0000000715b80000,0x000000071a880000)
  from space 31232K, 82% used [0x000000071c980000,0x000000071e29ec58,0x000000071e800000)
  to   space 33792K, 0% used [0x000000071a880000,0x000000071a880000,0x000000071c980000)
 ParOldGen       total 74752K, used 57793K [0x00000005c1200000, 0x00000005c5b00000, 0x0000000715b80000)
  object space 74752K, 77% used [0x00000005c1200000,0x00000005c4a70618,0x00000005c5b00000)
 Metaspace       used 94101K, capacity 103051K, committed 103088K, reserved 1138688K
  class space    used 12144K, capacity 13711K, committed 13744K, reserved 1048576K
}

