# JRE version: Java(TM) SE Runtime Environment (8.0_11-b12) (build 1.8.0_11-b12)
# Java VM: Java HotSpot(TM) 64-Bit Server VM (25.11-b03 mixed mode windows-amd64 compressed oops)
Heap:
 PSYoungGen      total 124416K, used 112458K [0x0000000715b80000, 0x0000000720000000, 0x00000007c0000000)
  eden space 86528K, 94% used [0x0000000715b80000,0x000000071aafa020,0x000000071b000000)
  from space 37888K, 82% used [0x000000071b000000,0x000000071ce58b80,0x000000071d500000)
  to   space 40448K, 0% used [0x000000071d880000,0x000000071d880000,0x0000000720000000)
 ParOldGen       total 94720K, used 74423K [0x00000005c1200000, 0x00000005c6e80000, 0x0000000715b80000)
  object space 94720K, 78% used [0x00000005c1200000,0x00000005c5aade88,0x00000005c6e80000)
 Metaspace       used 97229K, capacity 107149K, committed 107432K, reserved 1142784K
  class space    used 12520K, capacity 14210K, committed 14248K, reserved 1048576K
GC Heap History (10 events):
Event: 1080.695 GC heap before
{Heap before GC invocations=91 (full 12):
 PSYoungGen      total 115712K, used 108766K [0x0000000715b80000, 0x000000071e900000, 0x00000007c0000000)
  eden space 88064K, 100% used [0x0000000715b80000,0x000000071b180000,0x000000071b180000)
  from space 27648K, 74% used [0x000000071cd00000,0x000000071e137b28,0x000000071e800000)
  to   space 28160K, 0% used [0x000000071b180000,0x000000071b180000,0x000000071cd00000)
 ParOldGen       total 94720K, used 72182K [0x00000005c1200000, 0x00000005c6e80000, 0x0000000715b80000)
  object space 94720K, 76% used [0x00000005c1200000,0x00000005c587d8f8,0x00000005c6e80000)
 Metaspace       used 96441K, capacity 106153K, committed 106280K, reserved 1140736K
  class space    used 12419K, capacity 14054K, committed 14120K, reserved 1048576K
Event: 1080.716 GC heap after
Heap after GC invocations=91 (full 12):
 PSYoungGen      total 116224K, used 22344K [0x0000000715b80000, 0x000000071ec00000, 0x00000007c0000000)
  eden space 88064K, 0% used [0x0000000715b80000,0x0000000715b80000,0x000000071b180000)
  from space 28160K, 79% used [0x000000071b180000,0x000000071c7523e8,0x000000071cd00000)
  to   space 29184K, 0% used [0x000000071cf80000,0x000000071cf80000,0x000000071ec00000)
 ParOldGen       total 94720K, used 72190K [0x00000005c1200000, 0x00000005c6e80000, 0x0000000715b80000)
  object space 94720K, 76% used [0x00000005c1200000,0x00000005c587f8f8,0x00000005c6e80000)
 Metaspace       used 96441K, capacity 106153K, committed 106280K, reserved 1140736K
  class space    used 12419K, capacity 14054K, committed 14120K, reserved 1048576K
}
Event: 1081.280 GC heap before
{Heap before GC invocations=92 (full 12):
 PSYoungGen      total 116224K, used 110408K [0x0000000715b80000, 0x000000071ec00000, 0x00000007c0000000)
  eden space 88064K, 100% used [0x0000000715b80000,0x000000071b180000,0x000000071b180000)
  from space 28160K, 79% used [0x000000071b180000,0x000000071c7523e8,0x000000071cd00000)
  to   space 29184K, 0% used [0x000000071cf80000,0x000000071cf80000,0x000000071ec00000)
 ParOldGen       total 94720K, used 72190K [0x00000005c1200000, 0x00000005c6e80000, 0x0000000715b80000)
  object space 94720K, 76% used [0x00000005c1200000,0x00000005c587f8f8,0x00000005c6e80000)
 Metaspace       used 96459K, capacity 106155K, committed 106280K, reserved 1140736K
  class space    used 12420K, capacity 14055K, committed 14120K, reserved 1048576K
Event: 1081.291 GC heap after
Heap after GC invocations=92 (full 12):
 PSYoungGen      total 117248K, used 24936K [0x0000000715b80000, 0x000000071ef00000, 0x00000007c0000000)
  eden space 88064K, 0% used [0x0000000715b80000,0x0000000715b80000,0x000000071b180000)
  from space 29184K, 85% used [0x000000071cf80000,0x000000071e7da3e8,0x000000071ec00000)
  to   space 30720K, 0% used [0x000000071b180000,0x000000071b180000,0x000000071cf80000)
 ParOldGen       total 94720K, used 72198K [0x00000005c1200000, 0x00000005c6e80000, 0x0000000715b80000)
  object space 94720K, 76% used [0x00000005c1200000,0x00000005c58818f8,0x00000005c6e80000)
 Metaspace       used 96459K, capacity 106155K, committed 106280K, reserved 1140736K
  class space    used 12420K, capacity 14055K, committed 14120K, reserved 1048576K
}
Event: 1109.710 GC heap before
{Heap before GC invocations=93 (full 12):
 PSYoungGen      total 117248K, used 113000K [0x0000000715b80000, 0x000000071ef00000, 0x00000007c0000000)
  eden space 88064K, 100% used [0x0000000715b80000,0x000000071b180000,0x000000071b180000)
  from space 29184K, 85% used [0x000000071cf80000,0x000000071e7da3e8,0x000000071ec00000)
  to   space 30720K, 0% used [0x000000071b180000,0x000000071b180000,0x000000071cf80000)
 ParOldGen       total 94720K, used 72198K [0x00000005c1200000, 0x00000005c6e80000, 0x0000000715b80000)
  object space 94720K, 76% used [0x00000005c1200000,0x00000005c58818f8,0x00000005c6e80000)
 Metaspace       used 96694K, capacity 106461K, committed 106792K, reserved 1142784K
  class space    used 12431K, capacity 14092K, committed 14120K, reserved 1048576K
Event: 1109.720 GC heap after
Heap after GC invocations=93 (full 12):
 PSYoungGen      total 118784K, used 30696K [0x0000000715b80000, 0x000000071f780000, 0x00000007c0000000)
  eden space 88064K, 0% used [0x0000000715b80000,0x0000000715b80000,0x000000071b180000)
  from space 30720K, 99% used [0x000000071b180000,0x000000071cf7a268,0x000000071cf80000)
  to   space 35328K, 0% used [0x000000071d500000,0x000000071d500000,0x000000071f780000)
 ParOldGen       total 94720K, used 74415K [0x00000005c1200000, 0x00000005c6e80000, 0x0000000715b80000)
  object space 94720K, 78% used [0x00000005c1200000,0x00000005c5aabe88,0x00000005c6e80000)
 Metaspace       used 96694K, capacity 106461K, committed 106792K, reserved 1142784K
  class space    used 12431K, capacity 14092K, committed 14120K, reserved 1048576K
}
Event: 1432.082 GC heap before
{Heap before GC invocations=94 (full 12):
 PSYoungGen      total 118784K, used 118760K [0x0000000715b80000, 0x000000071f780000, 0x00000007c0000000)
  eden space 88064K, 100% used [0x0000000715b80000,0x000000071b180000,0x000000071b180000)
  from space 30720K, 99% used [0x000000071b180000,0x000000071cf7a268,0x000000071cf80000)
  to   space 35328K, 0% used [0x000000071d500000,0x000000071d500000,0x000000071f780000)
 ParOldGen       total 94720K, used 74415K [0x00000005c1200000, 0x00000005c6e80000, 0x0000000715b80000)
  object space 94720K, 78% used [0x00000005c1200000,0x00000005c5aabe88,0x00000005c6e80000)
 Metaspace       used 96816K, capacity 106725K, committed 106920K, reserved 1142784K
  class space    used 12455K, capacity 14154K, committed 14248K, reserved 1048576K
Event: 1432.093 GC heap after
Heap after GC invocations=94 (full 12):
 PSYoungGen      total 121856K, used 31259K [0x0000000715b80000, 0x000000071fc80000, 0x00000007c0000000)
  eden space 86528K, 0% used [0x0000000715b80000,0x0000000715b80000,0x000000071b000000)
  from space 35328K, 88% used [0x000000071d500000,0x000000071f386f98,0x000000071f780000)
  to   space 37888K, 0% used [0x000000071b000000,0x000000071b000000,0x000000071d500000)
 ParOldGen       total 94720K, used 74423K [0x00000005c1200000, 0x00000005c6e80000, 0x0000000715b80000)
  object space 94720K, 78% used [0x00000005c1200000,0x00000005c5aade88,0x00000005c6e80000)
 Metaspace       used 96816K, capacity 106725K, committed 106920K, reserved 1142784K
  class space    used 12455K, capacity 14154K, committed 14248K, reserved 1048576K
}
Event: 1769.596 GC heap before
{Heap before GC invocations=95 (full 12):
 PSYoungGen      total 121856K, used 117787K [0x0000000715b80000, 0x000000071fc80000, 0x00000007c0000000)
  eden space 86528K, 100% used [0x0000000715b80000,0x000000071b000000,0x000000071b000000)
  from space 35328K, 88% used [0x000000071d500000,0x000000071f386f98,0x000000071f780000)
  to   space 37888K, 0% used [0x000000071b000000,0x000000071b000000,0x000000071d500000)
 ParOldGen       total 94720K, used 74423K [0x00000005c1200000, 0x00000005c6e80000, 0x0000000715b80000)
  object space 94720K, 78% used [0x00000005c1200000,0x00000005c5aade88,0x00000005c6e80000)
 Metaspace       used 97215K, capacity 107145K, committed 107432K, reserved 1142784K
  class space    used 12518K, capacity 14208K, committed 14248K, reserved 1048576K
Event: 1769.606 GC heap after
Heap after GC invocations=95 (full 12):
 PSYoungGen      total 124416K, used 31074K [0x0000000715b80000, 0x0000000720000000, 0x00000007c0000000)
  eden space 86528K, 0% used [0x0000000715b80000,0x0000000715b80000,0x000000071b000000)
  from space 37888K, 82% used [0x000000071b000000,0x000000071ce58b80,0x000000071d500000)
  to   space 40448K, 0% used [0x000000071d880000,0x000000071d880000,0x0000000720000000)
 ParOldGen       total 94720K, used 74423K [0x00000005c1200000, 0x00000005c6e80000, 0x0000000715b80000)
  object space 94720K, 78% used [0x00000005c1200000,0x00000005c5aade88,0x00000005c6e80000)
 Metaspace       used 97215K, capacity 107145K, committed 107432K, reserved 1142784K
  class space    used 12518K, capacity 14208K, committed 14248K, reserved 1048576K
}

